<?xml version="1.0" encoding="UTF-8"?>
<coverage generated="1767184303851" clover="3.2.0">
  <project timestamp="1767184303851" name="All files">
    <metrics statements="98" coveredstatements="78" conditionals="74" coveredconditionals="54" methods="34" coveredmethods="24" elements="206" coveredelements="156" complexity="0" loc="98" ncloc="98" packages="2" files="6" classes="6"/>
    <package name="components">
      <metrics statements="49" coveredstatements="37" conditionals="35" coveredconditionals="28" methods="27" coveredmethods="18"/>
      <file name="ConfirmDeleteModal.jsx" path="C:\Users\parsa dm\Desktop\uni project\software-project-guilance\frontend\src\components\ConfirmDeleteModal.jsx">
        <metrics statements="2" coveredstatements="2" conditionals="0" coveredconditionals="0" methods="2" coveredmethods="2"/>
        <line num="4" count="5" type="stmt"/>
        <line num="6" count="3" type="stmt"/>
      </file>
      <file name="EditTaskModal.jsx" path="C:\Users\parsa dm\Desktop\uni project\software-project-guilance\frontend\src\components\EditTaskModal.jsx">
        <metrics statements="19" coveredstatements="14" conditionals="12" coveredconditionals="9" methods="8" coveredmethods="4"/>
        <line num="4" count="9" type="stmt"/>
        <line num="5" count="9" type="stmt"/>
        <line num="6" count="9" type="stmt"/>
        <line num="7" count="9" type="cond" truecount="1" falsecount="1"/>
        <line num="8" count="9" type="cond" truecount="1" falsecount="1"/>
        <line num="9" count="9" type="stmt"/>
        <line num="10" count="9" type="stmt"/>
        <line num="13" count="2" type="stmt"/>
        <line num="14" count="2" type="cond" truecount="2" falsecount="0"/>
        <line num="15" count="1" type="stmt"/>
        <line num="16" count="1" type="cond" truecount="1" falsecount="1"/>
        <line num="17" count="0" type="stmt"/>
        <line num="20" count="9" type="stmt"/>
        <line num="22" count="4" type="stmt"/>
        <line num="31" count="1" type="stmt"/>
        <line num="35" count="0" type="stmt"/>
        <line num="43" count="0" type="stmt"/>
        <line num="53" count="0" type="stmt"/>
        <line num="57" count="0" type="stmt"/>
      </file>
      <file name="TaskCard.jsx" path="C:\Users\parsa dm\Desktop\uni project\software-project-guilance\frontend\src\components\TaskCard.jsx">
        <metrics statements="7" coveredstatements="4" conditionals="6" coveredconditionals="6" methods="6" coveredmethods="3"/>
        <line num="1" count="2" type="stmt"/>
        <line num="2" count="2" type="stmt"/>
        <line num="5" count="8" type="stmt"/>
        <line num="6" count="0" type="stmt"/>
        <line num="17" count="24" type="cond" truecount="2" falsecount="0"/>
        <line num="21" count="0" type="stmt"/>
        <line num="22" count="0" type="stmt"/>
      </file>
      <file name="TaskColumn.jsx" path="C:\Users\parsa dm\Desktop\uni project\software-project-guilance\frontend\src\components\TaskColumn.jsx">
        <metrics statements="5" coveredstatements="3" conditionals="4" coveredconditionals="3" methods="5" coveredmethods="3"/>
        <line num="5" count="4" type="stmt"/>
        <line num="7" count="0" type="stmt"/>
        <line num="8" count="1" type="stmt"/>
        <line num="9" count="0" type="stmt"/>
        <line num="17" count="6" type="stmt"/>
      </file>
      <file name="TaskForm.jsx" path="C:\Users\parsa dm\Desktop\uni project\software-project-guilance\frontend\src\components\TaskForm.jsx">
        <metrics statements="16" coveredstatements="14" conditionals="13" coveredconditionals="10" methods="6" coveredmethods="6"/>
        <line num="4" count="10" type="stmt"/>
        <line num="5" count="10" type="stmt"/>
        <line num="6" count="10" type="stmt"/>
        <line num="7" count="10" type="stmt"/>
        <line num="8" count="10" type="stmt"/>
        <line num="11" count="1" type="stmt"/>
        <line num="12" count="1" type="cond" truecount="1" falsecount="1"/>
        <line num="13" count="0" type="stmt"/>
        <line num="14" count="0" type="stmt"/>
        <line num="16" count="1" type="stmt"/>
        <line num="23" count="1" type="stmt"/>
        <line num="26" count="10" type="stmt"/>
        <line num="31" count="1" type="stmt"/>
        <line num="37" count="1" type="stmt"/>
        <line num="45" count="1" type="stmt"/>
        <line num="51" count="1" type="stmt"/>
      </file>
    </package>
    <package name="pages">
      <metrics statements="49" coveredstatements="41" conditionals="39" coveredconditionals="26" methods="7" coveredmethods="6"/>
      <file name="Register.jsx" path="C:\Users\parsa dm\Desktop\uni project\software-project-guilance\frontend\src\pages\Register.jsx">
        <metrics statements="49" coveredstatements="41" conditionals="39" coveredconditionals="26" methods="7" coveredmethods="6"/>
        <line num="5" count="1" type="stmt"/>
        <line num="8" count="1" type="stmt"/>
        <line num="16" count="1" type="stmt"/>
        <line num="18" count="1" type="cond" truecount="1" falsecount="1"/>
        <line num="19" count="1" type="cond" truecount="1" falsecount="1"/>
        <line num="20" count="1" type="stmt"/>
        <line num="21" count="1" type="stmt"/>
        <line num="23" count="0" type="stmt"/>
        <line num="24" count="0" type="stmt"/>
        <line num="28" count="1" type="stmt"/>
        <line num="29" count="8" type="stmt"/>
        <line num="30" count="8" type="stmt"/>
        <line num="31" count="8" type="stmt"/>
        <line num="32" count="8" type="stmt"/>
        <line num="33" count="8" type="stmt"/>
        <line num="34" count="8" type="stmt"/>
        <line num="35" count="8" type="stmt"/>
        <line num="36" count="8" type="stmt"/>
        <line num="39" count="8" type="stmt"/>
        <line num="40" count="8" type="stmt"/>
        <line num="41" count="8" type="cond" truecount="1" falsecount="1"/>
        <line num="42" count="0" type="stmt"/>
        <line num="46" count="2" type="stmt"/>
        <line num="48" count="2" type="stmt"/>
        <line num="49" count="2" type="stmt"/>
        <line num="50" count="2" type="stmt"/>
        <line num="52" count="2" type="cond" truecount="4" falsecount="0"/>
        <line num="53" count="1" type="stmt"/>
        <line num="54" count="1" type="stmt"/>
        <line num="57" count="1" type="stmt"/>
        <line num="58" count="1" type="stmt"/>
        <line num="60" count="1" type="stmt"/>
        <line num="66" count="0" type="stmt"/>
        <line num="67" count="0" type="stmt"/>
        <line num="68" count="0" type="stmt"/>
        <line num="69" count="0" type="stmt"/>
        <line num="71" count="1" type="cond" truecount="1" falsecount="1"/>
        <line num="72" count="1" type="stmt"/>
        <line num="74" count="1" type="cond" truecount="1" falsecount="1"/>
        <line num="75" count="1" type="cond" truecount="1" falsecount="1"/>
        <line num="76" count="1" type="cond" truecount="1" falsecount="1"/>
        <line num="77" count="1" type="cond" truecount="1" falsecount="1"/>
        <line num="79" count="1" type="stmt"/>
        <line num="80" count="1" type="cond" truecount="1" falsecount="1"/>
        <line num="82" count="1" type="stmt"/>
        <line num="86" count="8" type="stmt"/>
        <line num="102" count="1" type="stmt"/>
        <line num="117" count="0" type="stmt"/>
        <line num="131" count="1" type="stmt"/>
      </file>
    </package>
  </project>
</coverage>
