{"C:\\Users\\parsa dm\\Desktop\\uni project\\software-project-guilance\\frontend\\src\\components\\ConfirmDeleteModal.jsx": {"path":"C:\\Users\\parsa dm\\Desktop\\uni project\\software-project-guilance\\frontend\\src\\components\\ConfirmDeleteModal.jsx","statementMap":{"0":{"start":{"line":4,"column":2},"end":{"line":19,"column":null}},"1":{"start":{"line":6,"column":43},"end":{"line":6,"column":null}}},"fnMap":{"0":{"name":"ConfirmDeleteModal","decl":{"start":{"line":3,"column":24},"end":{"line":3,"column":43}},"loc":{"start":{"line":3,"column":74},"end":{"line":21,"column":null}},"line":3},"1":{"name":"(anonymous_1)","decl":{"start":{"line":6,"column":38},"end":{"line":6,"column":43}},"loc":{"start":{"line":6,"column":43},"end":{"line":6,"column":null}},"line":6}},"branchMap":{},"s":{"0":5,"1":3},"f":{"0":5,"1":3},"b":{},"meta":{"lastBranch":0,"lastFunction":2,"lastStatement":2,"seen":{"f:3:24:3:43":0,"s:4:2:19:Infinity":0,"f:6:38:6:43":1,"s:6:43:6:Infinity":1}}}
,"C:\\Users\\parsa dm\\Desktop\\uni project\\software-project-guilance\\frontend\\src\\components\\EditTaskModal.jsx": {"path":"C:\\Users\\parsa dm\\Desktop\\uni project\\software-project-guilance\\frontend\\src\\components\\EditTaskModal.jsx","statementMap":{"0":{"start":{"line":4,"column":24},"end":{"line":4,"column":null}},"1":{"start":{"line":5,"column":30},"end":{"line":5,"column":null}},"2":{"start":{"line":6,"column":26},"end":{"line":6,"column":null}},"3":{"start":{"line":7,"column":28},"end":{"line":7,"column":null}},"4":{"start":{"line":8,"column":36},"end":{"line":8,"column":null}},"5":{"start":{"line":9,"column":26},"end":{"line":9,"column":null}},"6":{"start":{"line":10,"column":24},"end":{"line":10,"column":null}},"7":{"start":{"line":13,"column":4},"end":{"line":13,"column":null}},"8":{"start":{"line":14,"column":4},"end":{"line":14,"column":null}},"9":{"start":{"line":14,"column":25},"end":{"line":14,"column":57}},"10":{"start":{"line":14,"column":57},"end":{"line":14,"column":65}},"11":{"start":{"line":15,"column":4},"end":{"line":15,"column":21}},"12":{"start":{"line":15,"column":21},"end":{"line":15,"column":null}},"13":{"start":{"line":16,"column":4},"end":{"line":16,"column":null}},"14":{"start":{"line":17,"column":4},"end":{"line":17,"column":null}},"15":{"start":{"line":20,"column":2},"end":{"line":67,"column":null}},"16":{"start":{"line":22,"column":43},"end":{"line":22,"column":null}},"17":{"start":{"line":31,"column":50},"end":{"line":31,"column":76}},"18":{"start":{"line":35,"column":71},"end":{"line":35,"column":null}},"19":{"start":{"line":43,"column":73},"end":{"line":43,"column":null}},"20":{"start":{"line":53,"column":87},"end":{"line":53,"column":115}},"21":{"start":{"line":57,"column":68},"end":{"line":57,"column":100}}},"fnMap":{"0":{"name":"EditTaskModal","decl":{"start":{"line":3,"column":24},"end":{"line":3,"column":38}},"loc":{"start":{"line":3,"column":65},"end":{"line":69,"column":null}},"line":3},"1":{"name":"handleSave","decl":{"start":{"line":12,"column":17},"end":{"line":12,"column":28}},"loc":{"start":{"line":12,"column":31},"end":{"line":18,"column":null}},"line":12},"2":{"name":"(anonymous_2)","decl":{"start":{"line":22,"column":38},"end":{"line":22,"column":43}},"loc":{"start":{"line":22,"column":43},"end":{"line":22,"column":null}},"line":22},"3":{"name":"(anonymous_3)","decl":{"start":{"line":31,"column":45},"end":{"line":31,"column":50}},"loc":{"start":{"line":31,"column":50},"end":{"line":31,"column":76}},"line":31},"4":{"name":"(anonymous_4)","decl":{"start":{"line":35,"column":66},"end":{"line":35,"column":71}},"loc":{"start":{"line":35,"column":71},"end":{"line":35,"column":null}},"line":35},"5":{"name":"(anonymous_5)","decl":{"start":{"line":43,"column":68},"end":{"line":43,"column":73}},"loc":{"start":{"line":43,"column":73},"end":{"line":43,"column":null}},"line":43},"6":{"name":"(anonymous_6)","decl":{"start":{"line":53,"column":82},"end":{"line":53,"column":87}},"loc":{"start":{"line":53,"column":87},"end":{"line":53,"column":115}},"line":53},"7":{"name":"(anonymous_7)","decl":{"start":{"line":57,"column":63},"end":{"line":57,"column":68}},"loc":{"start":{"line":57,"column":68},"end":{"line":57,"column":100}},"line":57}},"branchMap":{"0":{"loc":{"start":{"line":7,"column":41},"end":{"line":7,"column":60}},"type":"binary-expr","locations":[{"start":{"line":7,"column":41},"end":{"line":7,"column":58}},{"start":{"line":7,"column":58},"end":{"line":7,"column":60}}],"line":7},"1":{"loc":{"start":{"line":8,"column":49},"end":{"line":8,"column":71}},"type":"binary-expr","locations":[{"start":{"line":8,"column":49},"end":{"line":8,"column":69}},{"start":{"line":8,"column":69},"end":{"line":8,"column":71}}],"line":8},"2":{"loc":{"start":{"line":14,"column":4},"end":{"line":14,"column":null}},"type":"if","locations":[{"start":{"line":14,"column":4},"end":{"line":14,"column":null}},{"start":{},"end":{}}],"line":14},"3":{"loc":{"start":{"line":16,"column":63},"end":{"line":16,"column":80}},"type":"binary-expr","locations":[{"start":{"line":16,"column":63},"end":{"line":16,"column":74}},{"start":{"line":16,"column":74},"end":{"line":16,"column":80}}],"line":16},"4":{"loc":{"start":{"line":60,"column":11},"end":{"line":60,"column":null}},"type":"binary-expr","locations":[{"start":{"line":60,"column":11},"end":{"line":60,"column":20}},{"start":{"line":60,"column":20},"end":{"line":60,"column":null}}],"line":60},"5":{"loc":{"start":{"line":63,"column":53},"end":{"line":63,"column":91}},"type":"cond-expr","locations":[{"start":{"line":63,"column":62},"end":{"line":63,"column":76}},{"start":{"line":63,"column":76},"end":{"line":63,"column":91}}],"line":63}},"s":{"0":9,"1":9,"2":9,"3":9,"4":9,"5":9,"6":9,"7":2,"8":2,"9":1,"10":1,"11":1,"12":1,"13":1,"14":0,"15":9,"16":4,"17":1,"18":0,"19":0,"20":0,"21":0},"f":{"0":9,"1":2,"2":4,"3":1,"4":0,"5":0,"6":0,"7":0},"b":{"0":[9,0],"1":[9,0],"2":[1,1],"3":[1,0],"4":[9,1],"5":[1,8]},"meta":{"lastBranch":6,"lastFunction":8,"lastStatement":22,"seen":{"f:3:24:3:38":0,"s:4:24:4:Infinity":0,"s:5:30:5:Infinity":1,"s:6:26:6:Infinity":2,"s:7:28:7:Infinity":3,"b:7:41:7:58:7:58:7:60":0,"s:8:36:8:Infinity":4,"b:8:49:8:69:8:69:8:71":1,"s:9:26:9:Infinity":5,"s:10:24:10:Infinity":6,"f:12:17:12:28":1,"s:13:4:13:Infinity":7,"b:14:4:14:Infinity:undefined:undefined:undefined:undefined":2,"s:14:4:14:Infinity":8,"s:14:25:14:57":9,"s:14:57:14:65":10,"s:15:4:15:21":11,"s:15:21:15:Infinity":12,"s:16:4:16:Infinity":13,"b:16:63:16:74:16:74:16:80":3,"s:17:4:17:Infinity":14,"s:20:2:67:Infinity":15,"f:22:38:22:43":2,"s:22:43:22:Infinity":16,"f:31:45:31:50":3,"s:31:50:31:76":17,"f:35:66:35:71":4,"s:35:71:35:Infinity":18,"f:43:68:43:73":5,"s:43:73:43:Infinity":19,"f:53:82:53:87":6,"s:53:87:53:115":20,"f:57:63:57:68":7,"s:57:68:57:100":21,"b:60:11:60:20:60:20:60:Infinity":4,"b:63:62:63:76:63:76:63:91":5}}}
,"C:\\Users\\parsa dm\\Desktop\\uni project\\software-project-guilance\\frontend\\src\\components\\TaskCard.jsx": {"path":"C:\\Users\\parsa dm\\Desktop\\uni project\\software-project-guilance\\frontend\\src\\components\\TaskCard.jsx","statementMap":{"0":{"start":{"line":1,"column":29},"end":{"line":1,"column":null}},"1":{"start":{"line":2,"column":31},"end":{"line":2,"column":null}},"2":{"start":{"line":5,"column":2},"end":{"line":26,"column":null}},"3":{"start":{"line":6,"column":63},"end":{"line":6,"column":null}},"4":{"start":{"line":17,"column":14},"end":{"line":17,"column":null}},"5":{"start":{"line":17,"column":132},"end":{"line":17,"column":162}},"6":{"start":{"line":21,"column":71},"end":{"line":21,"column":85}},"7":{"start":{"line":22,"column":78},"end":{"line":22,"column":101}}},"fnMap":{"0":{"name":"TaskCard","decl":{"start":{"line":4,"column":24},"end":{"line":4,"column":33}},"loc":{"start":{"line":4,"column":97},"end":{"line":28,"column":null}},"line":4},"1":{"name":"(anonymous_1)","decl":{"start":{"line":6,"column":58},"end":{"line":6,"column":63}},"loc":{"start":{"line":6,"column":63},"end":{"line":6,"column":null}},"line":6},"2":{"name":"(anonymous_2)","decl":{"start":{"line":16,"column":47},"end":{"line":16,"column":48}},"loc":{"start":{"line":17,"column":14},"end":{"line":17,"column":null}},"line":17},"3":{"name":"(anonymous_3)","decl":{"start":{"line":17,"column":126},"end":{"line":17,"column":132}},"loc":{"start":{"line":17,"column":132},"end":{"line":17,"column":162}},"line":17},"4":{"name":"(anonymous_4)","decl":{"start":{"line":21,"column":65},"end":{"line":21,"column":71}},"loc":{"start":{"line":21,"column":71},"end":{"line":21,"column":85}},"line":21},"5":{"name":"(anonymous_5)","decl":{"start":{"line":22,"column":72},"end":{"line":22,"column":78}},"loc":{"start":{"line":22,"column":78},"end":{"line":22,"column":101}},"line":22}},"branchMap":{"0":{"loc":{"start":{"line":11,"column":7},"end":{"line":11,"column":null}},"type":"binary-expr","locations":[{"start":{"line":11,"column":7},"end":{"line":11,"column":27}},{"start":{"line":11,"column":27},"end":{"line":11,"column":null}}],"line":11},"1":{"loc":{"start":{"line":12,"column":7},"end":{"line":12,"column":null}},"type":"binary-expr","locations":[{"start":{"line":12,"column":7},"end":{"line":12,"column":24}},{"start":{"line":12,"column":24},"end":{"line":12,"column":null}}],"line":12},"2":{"loc":{"start":{"line":17,"column":76},"end":{"line":17,"column":113}},"type":"cond-expr","locations":[{"start":{"line":17,"column":100},"end":{"line":17,"column":111}},{"start":{"line":17,"column":111},"end":{"line":17,"column":113}}],"line":17}},"s":{"0":2,"1":2,"2":8,"3":0,"4":24,"5":1,"6":0,"7":0},"f":{"0":8,"1":0,"2":24,"3":1,"4":0,"5":0},"b":{"0":[8,2],"1":[8,2],"2":[8,16]},"meta":{"lastBranch":3,"lastFunction":6,"lastStatement":8,"seen":{"s:1:29:1:Infinity":0,"s:2:31:2:Infinity":1,"f:4:24:4:33":0,"s:5:2:26:Infinity":2,"f:6:58:6:63":1,"s:6:63:6:Infinity":3,"b:11:7:11:27:11:27:11:Infinity":0,"b:12:7:12:24:12:24:12:Infinity":1,"f:16:47:16:48":2,"s:17:14:17:Infinity":4,"b:17:100:17:111:17:111:17:113":2,"f:17:126:17:132":3,"s:17:132:17:162":5,"f:21:65:21:71":4,"s:21:71:21:85":6,"f:22:72:22:78":5,"s:22:78:22:101":7}}}
,"C:\\Users\\parsa dm\\Desktop\\uni project\\software-project-guilance\\frontend\\src\\components\\TaskColumn.jsx": {"path":"C:\\Users\\parsa dm\\Desktop\\uni project\\software-project-guilance\\frontend\\src\\components\\TaskColumn.jsx","statementMap":{"0":{"start":{"line":5,"column":2},"end":{"line":19,"column":null}},"1":{"start":{"line":7,"column":26},"end":{"line":7,"column":null}},"2":{"start":{"line":8,"column":22},"end":{"line":8,"column":null}},"3":{"start":{"line":9,"column":28},"end":{"line":9,"column":null}},"4":{"start":{"line":17,"column":27},"end":{"line":17,"column":173}}},"fnMap":{"0":{"name":"TaskColumn","decl":{"start":{"line":4,"column":24},"end":{"line":4,"column":35}},"loc":{"start":{"line":4,"column":183},"end":{"line":21,"column":null}},"line":4},"1":{"name":"(anonymous_1)","decl":{"start":{"line":7,"column":21},"end":{"line":7,"column":26}},"loc":{"start":{"line":7,"column":26},"end":{"line":7,"column":null}},"line":7},"2":{"name":"(anonymous_2)","decl":{"start":{"line":8,"column":17},"end":{"line":8,"column":22}},"loc":{"start":{"line":8,"column":22},"end":{"line":8,"column":null}},"line":8},"3":{"name":"(anonymous_3)","decl":{"start":{"line":9,"column":22},"end":{"line":9,"column":28}},"loc":{"start":{"line":9,"column":28},"end":{"line":9,"column":null}},"line":9},"4":{"name":"(anonymous_4)","decl":{"start":{"line":17,"column":19},"end":{"line":17,"column":27}},"loc":{"start":{"line":17,"column":27},"end":{"line":17,"column":173}},"line":17}},"branchMap":{"0":{"loc":{"start":{"line":6,"column":30},"end":{"line":6,"column":80}},"type":"cond-expr","locations":[{"start":{"line":6,"column":58},"end":{"line":6,"column":78}},{"start":{"line":6,"column":78},"end":{"line":6,"column":80}}],"line":6},"1":{"loc":{"start":{"line":16,"column":9},"end":{"line":16,"column":null}},"type":"binary-expr","locations":[{"start":{"line":16,"column":9},"end":{"line":16,"column":31}},{"start":{"line":16,"column":31},"end":{"line":16,"column":null}}],"line":16}},"s":{"0":4,"1":0,"2":1,"3":0,"4":6},"f":{"0":4,"1":0,"2":1,"3":0,"4":6},"b":{"0":[0,4],"1":[4,1]},"meta":{"lastBranch":2,"lastFunction":5,"lastStatement":5,"seen":{"f:4:24:4:35":0,"s:5:2:19:Infinity":0,"b:6:58:6:78:6:78:6:80":0,"f:7:21:7:26":1,"s:7:26:7:Infinity":1,"f:8:17:8:22":2,"s:8:22:8:Infinity":2,"f:9:22:9:28":3,"s:9:28:9:Infinity":3,"b:16:9:16:31:16:31:16:Infinity":1,"f:17:19:17:27":4,"s:17:27:17:173":4}}}
,"C:\\Users\\parsa dm\\Desktop\\uni project\\software-project-guilance\\frontend\\src\\components\\TaskForm.jsx": {"path":"C:\\Users\\parsa dm\\Desktop\\uni project\\software-project-guilance\\frontend\\src\\components\\TaskForm.jsx","statementMap":{"0":{"start":{"line":4,"column":24},"end":{"line":4,"column":null}},"1":{"start":{"line":5,"column":30},"end":{"line":5,"column":null}},"2":{"start":{"line":6,"column":28},"end":{"line":6,"column":null}},"3":{"start":{"line":7,"column":36},"end":{"line":7,"column":null}},"4":{"start":{"line":8,"column":34},"end":{"line":8,"column":null}},"5":{"start":{"line":11,"column":4},"end":{"line":11,"column":null}},"6":{"start":{"line":12,"column":4},"end":{"line":15,"column":null}},"7":{"start":{"line":13,"column":6},"end":{"line":13,"column":null}},"8":{"start":{"line":14,"column":6},"end":{"line":14,"column":null}},"9":{"start":{"line":16,"column":4},"end":{"line":22,"column":null}},"10":{"start":{"line":23,"column":4},"end":{"line":23,"column":18}},"11":{"start":{"line":23,"column":18},"end":{"line":23,"column":38}},"12":{"start":{"line":23,"column":38},"end":{"line":23,"column":61}},"13":{"start":{"line":23,"column":61},"end":{"line":23,"column":77}},"14":{"start":{"line":23,"column":77},"end":{"line":23,"column":null}},"15":{"start":{"line":26,"column":2},"end":{"line":58,"column":null}},"16":{"start":{"line":31,"column":95},"end":{"line":31,"column":121}},"17":{"start":{"line":37,"column":69},"end":{"line":37,"column":null}},"18":{"start":{"line":45,"column":96},"end":{"line":45,"column":124}},"19":{"start":{"line":51,"column":64},"end":{"line":51,"column":96}}},"fnMap":{"0":{"name":"TaskForm","decl":{"start":{"line":3,"column":24},"end":{"line":3,"column":33}},"loc":{"start":{"line":3,"column":63},"end":{"line":60,"column":null}},"line":3},"1":{"name":"handleSubmit","decl":{"start":{"line":10,"column":11},"end":{"line":10,"column":24}},"loc":{"start":{"line":10,"column":27},"end":{"line":24,"column":null}},"line":10},"2":{"name":"(anonymous_2)","decl":{"start":{"line":31,"column":90},"end":{"line":31,"column":95}},"loc":{"start":{"line":31,"column":95},"end":{"line":31,"column":121}},"line":31},"3":{"name":"(anonymous_3)","decl":{"start":{"line":37,"column":64},"end":{"line":37,"column":69}},"loc":{"start":{"line":37,"column":69},"end":{"line":37,"column":null}},"line":37},"4":{"name":"(anonymous_4)","decl":{"start":{"line":45,"column":91},"end":{"line":45,"column":96}},"loc":{"start":{"line":45,"column":96},"end":{"line":45,"column":124}},"line":45},"5":{"name":"(anonymous_5)","decl":{"start":{"line":51,"column":59},"end":{"line":51,"column":64}},"loc":{"start":{"line":51,"column":64},"end":{"line":51,"column":96}},"line":51}},"branchMap":{"0":{"loc":{"start":{"line":12,"column":4},"end":{"line":15,"column":null}},"type":"if","locations":[{"start":{"line":12,"column":4},"end":{"line":15,"column":null}},{"start":{},"end":{}}],"line":12},"1":{"loc":{"start":{"line":21,"column":16},"end":{"line":21,"column":null}},"type":"binary-expr","locations":[{"start":{"line":21,"column":16},"end":{"line":21,"column":27}},{"start":{"line":21,"column":27},"end":{"line":21,"column":null}}],"line":21},"2":{"loc":{"start":{"line":53,"column":6},"end":{"line":54,"column":null}},"type":"binary-expr","locations":[{"start":{"line":54,"column":8},"end":{"line":54,"column":17}},{"start":{"line":54,"column":17},"end":{"line":54,"column":32}},{"start":{"line":54,"column":32},"end":{"line":54,"column":null}}],"line":53},"3":{"loc":{"start":{"line":54,"column":73},"end":{"line":54,"column":93}},"type":"binary-expr","locations":[{"start":{"line":54,"column":73},"end":{"line":54,"column":82}},{"start":{"line":54,"column":82},"end":{"line":54,"column":93}}],"line":54},"4":{"loc":{"start":{"line":56,"column":40},"end":{"line":56,"column":67}},"type":"binary-expr","locations":[{"start":{"line":56,"column":40},"end":{"line":56,"column":51}},{"start":{"line":56,"column":51},"end":{"line":56,"column":67}}],"line":56},"5":{"loc":{"start":{"line":56,"column":67},"end":{"line":56,"column":102}},"type":"cond-expr","locations":[{"start":{"line":56,"column":77},"end":{"line":56,"column":91}},{"start":{"line":56,"column":91},"end":{"line":56,"column":102}}],"line":56}},"s":{"0":10,"1":10,"2":10,"3":10,"4":10,"5":1,"6":1,"7":0,"8":0,"9":1,"10":1,"11":1,"12":1,"13":1,"14":1,"15":10,"16":1,"17":1,"18":1,"19":1},"f":{"0":10,"1":1,"2":1,"3":1,"4":1,"5":1},"b":{"0":[0,1],"1":[1,0],"2":[10,9,1],"3":[1,0],"4":[10,9],"5":[1,9]},"meta":{"lastBranch":6,"lastFunction":6,"lastStatement":20,"seen":{"f:3:24:3:33":0,"s:4:24:4:Infinity":0,"s:5:30:5:Infinity":1,"s:6:28:6:Infinity":2,"s:7:36:7:Infinity":3,"s:8:34:8:Infinity":4,"f:10:11:10:24":1,"s:11:4:11:Infinity":5,"b:12:4:15:Infinity:undefined:undefined:undefined:undefined":0,"s:12:4:15:Infinity":6,"s:13:6:13:Infinity":7,"s:14:6:14:Infinity":8,"s:16:4:22:Infinity":9,"b:21:16:21:27:21:27:21:Infinity":1,"s:23:4:23:18":10,"s:23:18:23:38":11,"s:23:38:23:61":12,"s:23:61:23:77":13,"s:23:77:23:Infinity":14,"s:26:2:58:Infinity":15,"f:31:90:31:95":2,"s:31:95:31:121":16,"f:37:64:37:69":3,"s:37:69:37:Infinity":17,"f:45:91:45:96":4,"s:45:96:45:124":18,"f:51:59:51:64":5,"s:51:64:51:96":19,"b:54:8:54:17:54:17:54:32:54:32:54:Infinity":2,"b:54:73:54:82:54:82:54:93":3,"b:56:40:56:51:56:51:56:67":4,"b:56:77:56:91:56:91:56:102":5}}}
,"C:\\Users\\parsa dm\\Desktop\\uni project\\software-project-guilance\\frontend\\src\\pages\\Register.jsx": {"path":"C:\\Users\\parsa dm\\Desktop\\uni project\\software-project-guilance\\frontend\\src\\pages\\Register.jsx","statementMap":{"0":{"start":{"line":5,"column":17},"end":{"line":5,"column":null}},"1":{"start":{"line":8,"column":14},"end":{"line":14,"column":null}},"2":{"start":{"line":16,"column":15},"end":{"line":16,"column":null}},"3":{"start":{"line":18,"column":2},"end":{"line":22,"column":null}},"4":{"start":{"line":19,"column":18},"end":{"line":19,"column":null}},"5":{"start":{"line":20,"column":4},"end":{"line":20,"column":null}},"6":{"start":{"line":21,"column":4},"end":{"line":21,"column":null}},"7":{"start":{"line":23,"column":2},"end":{"line":23,"column":null}},"8":{"start":{"line":24,"column":2},"end":{"line":24,"column":null}},"9":{"start":{"line":28,"column":17},"end":{"line":162,"column":null}},"10":{"start":{"line":29,"column":8},"end":{"line":29,"column":null}},"11":{"start":{"line":30,"column":24},"end":{"line":30,"column":null}},"12":{"start":{"line":31,"column":30},"end":{"line":31,"column":null}},"13":{"start":{"line":32,"column":30},"end":{"line":32,"column":null}},"14":{"start":{"line":33,"column":28},"end":{"line":33,"column":null}},"15":{"start":{"line":34,"column":24},"end":{"line":34,"column":null}},"16":{"start":{"line":35,"column":36},"end":{"line":35,"column":null}},"17":{"start":{"line":36,"column":28},"end":{"line":36,"column":null}},"18":{"start":{"line":39,"column":5},"end":{"line":44,"column":null}},"19":{"start":{"line":40,"column":21},"end":{"line":40,"column":null}},"20":{"start":{"line":41,"column":6},"end":{"line":43,"column":null}},"21":{"start":{"line":42,"column":8},"end":{"line":42,"column":null}},"22":{"start":{"line":46,"column":4},"end":{"line":46,"column":null}},"23":{"start":{"line":48,"column":4},"end":{"line":48,"column":null}},"24":{"start":{"line":49,"column":4},"end":{"line":49,"column":null}},"25":{"start":{"line":50,"column":4},"end":{"line":50,"column":null}},"26":{"start":{"line":52,"column":4},"end":{"line":55,"column":null}},"27":{"start":{"line":53,"column":6},"end":{"line":53,"column":null}},"28":{"start":{"line":54,"column":6},"end":{"line":54,"column":null}},"29":{"start":{"line":57,"column":4},"end":{"line":83,"column":null}},"30":{"start":{"line":58,"column":6},"end":{"line":58,"column":null}},"31":{"start":{"line":60,"column":6},"end":{"line":64,"column":null}},"32":{"start":{"line":66,"column":6},"end":{"line":66,"column":null}},"33":{"start":{"line":67,"column":6},"end":{"line":67,"column":null}},"34":{"start":{"line":68,"column":6},"end":{"line":68,"column":null}},"35":{"start":{"line":69,"column":6},"end":{"line":69,"column":null}},"36":{"start":{"line":71,"column":19},"end":{"line":71,"column":null}},"37":{"start":{"line":72,"column":19},"end":{"line":72,"column":null}},"38":{"start":{"line":74,"column":6},"end":{"line":74,"column":null}},"39":{"start":{"line":74,"column":22},"end":{"line":74,"column":null}},"40":{"start":{"line":75,"column":6},"end":{"line":75,"column":null}},"41":{"start":{"line":75,"column":25},"end":{"line":75,"column":null}},"42":{"start":{"line":76,"column":6},"end":{"line":76,"column":null}},"43":{"start":{"line":76,"column":25},"end":{"line":76,"column":null}},"44":{"start":{"line":77,"column":6},"end":{"line":77,"column":null}},"45":{"start":{"line":77,"column":23},"end":{"line":77,"column":null}},"46":{"start":{"line":79,"column":6},"end":{"line":79,"column":null}},"47":{"start":{"line":80,"column":6},"end":{"line":80,"column":null}},"48":{"start":{"line":82,"column":6},"end":{"line":82,"column":null}},"49":{"start":{"line":86,"column":2},"end":{"line":160,"column":null}},"50":{"start":{"line":102,"column":35},"end":{"line":102,"column":null}},"51":{"start":{"line":117,"column":35},"end":{"line":117,"column":null}},"52":{"start":{"line":131,"column":35},"end":{"line":131,"column":null}}},"fnMap":{"0":{"name":"registerUser","decl":{"start":{"line":7,"column":15},"end":{"line":7,"column":28}},"loc":{"start":{"line":7,"column":37},"end":{"line":25,"column":null}},"line":7},"1":{"name":"(anonymous_1)","decl":{"start":{"line":28,"column":17},"end":{"line":28,"column":23}},"loc":{"start":{"line":28,"column":23},"end":{"line":162,"column":null}},"line":28},"2":{"name":"(anonymous_2)","decl":{"start":{"line":39,"column":15},"end":{"line":39,"column":21}},"loc":{"start":{"line":39,"column":21},"end":{"line":44,"column":7}},"line":39},"3":{"name":"handleSubmit","decl":{"start":{"line":45,"column":17},"end":{"line":45,"column":30}},"loc":{"start":{"line":45,"column":33},"end":{"line":84,"column":null}},"line":45},"4":{"name":"(anonymous_4)","decl":{"start":{"line":102,"column":28},"end":{"line":102,"column":29}},"loc":{"start":{"line":102,"column":35},"end":{"line":102,"column":null}},"line":102},"5":{"name":"(anonymous_5)","decl":{"start":{"line":117,"column":28},"end":{"line":117,"column":29}},"loc":{"start":{"line":117,"column":35},"end":{"line":117,"column":null}},"line":117},"6":{"name":"(anonymous_6)","decl":{"start":{"line":131,"column":28},"end":{"line":131,"column":29}},"loc":{"start":{"line":131,"column":35},"end":{"line":131,"column":null}},"line":131}},"branchMap":{"0":{"loc":{"start":{"line":18,"column":2},"end":{"line":22,"column":null}},"type":"if","locations":[{"start":{"line":18,"column":2},"end":{"line":22,"column":null}},{"start":{},"end":{}}],"line":18},"1":{"loc":{"start":{"line":19,"column":28},"end":{"line":19,"column":65}},"type":"binary-expr","locations":[{"start":{"line":19,"column":28},"end":{"line":19,"column":44}},{"start":{"line":19,"column":44},"end":{"line":19,"column":65}}],"line":19},"2":{"loc":{"start":{"line":41,"column":6},"end":{"line":43,"column":null}},"type":"if","locations":[{"start":{"line":41,"column":6},"end":{"line":43,"column":null}},{"start":{},"end":{}}],"line":41},"3":{"loc":{"start":{"line":52,"column":4},"end":{"line":55,"column":null}},"type":"if","locations":[{"start":{"line":52,"column":4},"end":{"line":55,"column":null}},{"start":{},"end":{}}],"line":52},"4":{"loc":{"start":{"line":52,"column":8},"end":{"line":52,"column":43}},"type":"binary-expr","locations":[{"start":{"line":52,"column":8},"end":{"line":52,"column":25}},{"start":{"line":52,"column":25},"end":{"line":52,"column":43}}],"line":52},"5":{"loc":{"start":{"line":62,"column":18},"end":{"line":62,"column":null}},"type":"binary-expr","locations":[{"start":{"line":62,"column":18},"end":{"line":62,"column":30}},{"start":{"line":62,"column":30},"end":{"line":62,"column":null}}],"line":62},"6":{"loc":{"start":{"line":71,"column":19},"end":{"line":71,"column":null}},"type":"binary-expr","locations":[{"start":{"line":71,"column":19},"end":{"line":71,"column":31}},{"start":{"line":71,"column":31},"end":{"line":71,"column":null}}],"line":71},"7":{"loc":{"start":{"line":74,"column":6},"end":{"line":74,"column":null}},"type":"if","locations":[{"start":{"line":74,"column":6},"end":{"line":74,"column":null}},{"start":{},"end":{}}],"line":74},"8":{"loc":{"start":{"line":75,"column":6},"end":{"line":75,"column":null}},"type":"if","locations":[{"start":{"line":75,"column":6},"end":{"line":75,"column":null}},{"start":{},"end":{}}],"line":75},"9":{"loc":{"start":{"line":76,"column":6},"end":{"line":76,"column":null}},"type":"if","locations":[{"start":{"line":76,"column":6},"end":{"line":76,"column":null}},{"start":{},"end":{}}],"line":76},"10":{"loc":{"start":{"line":77,"column":6},"end":{"line":77,"column":null}},"type":"if","locations":[{"start":{"line":77,"column":6},"end":{"line":77,"column":null}},{"start":{},"end":{}}],"line":77},"11":{"loc":{"start":{"line":80,"column":15},"end":{"line":80,"column":52}},"type":"binary-expr","locations":[{"start":{"line":80,"column":15},"end":{"line":80,"column":30}},{"start":{"line":80,"column":30},"end":{"line":80,"column":52}}],"line":80},"12":{"loc":{"start":{"line":105,"column":17},"end":{"line":106,"column":null}},"type":"binary-expr","locations":[{"start":{"line":105,"column":17},"end":{"line":105,"column":null}},{"start":{"line":106,"column":18},"end":{"line":106,"column":null}}],"line":105},"13":{"loc":{"start":{"line":119,"column":17},"end":{"line":120,"column":null}},"type":"binary-expr","locations":[{"start":{"line":119,"column":17},"end":{"line":119,"column":null}},{"start":{"line":120,"column":18},"end":{"line":120,"column":null}}],"line":119},"14":{"loc":{"start":{"line":134,"column":17},"end":{"line":135,"column":null}},"type":"binary-expr","locations":[{"start":{"line":134,"column":17},"end":{"line":134,"column":null}},{"start":{"line":135,"column":18},"end":{"line":135,"column":null}}],"line":134},"15":{"loc":{"start":{"line":138,"column":12},"end":{"line":143,"column":null}},"type":"binary-expr","locations":[{"start":{"line":140,"column":14},"end":{"line":140,"column":23}},{"start":{"line":140,"column":23},"end":{"line":140,"column":null}},{"start":{"line":141,"column":14},"end":{"line":143,"column":null}}],"line":138},"16":{"loc":{"start":{"line":142,"column":17},"end":{"line":142,"column":null}},"type":"binary-expr","locations":[{"start":{"line":142,"column":17},"end":{"line":142,"column":40}},{"start":{"line":142,"column":40},"end":{"line":142,"column":null}}],"line":142},"17":{"loc":{"start":{"line":146,"column":13},"end":{"line":149,"column":null}},"type":"binary-expr","locations":[{"start":{"line":146,"column":13},"end":{"line":146,"column":null}},{"start":{"line":147,"column":14},"end":{"line":149,"column":null}}],"line":146},"18":{"loc":{"start":{"line":154,"column":17},"end":{"line":154,"column":null}},"type":"cond-expr","locations":[{"start":{"line":154,"column":27},"end":{"line":154,"column":46}},{"start":{"line":154,"column":46},"end":{"line":154,"column":null}}],"line":154}},"s":{"0":1,"1":1,"2":1,"3":1,"4":1,"5":1,"6":1,"7":0,"8":0,"9":1,"10":8,"11":8,"12":8,"13":8,"14":8,"15":8,"16":8,"17":8,"18":8,"19":8,"20":8,"21":0,"22":2,"23":2,"24":2,"25":2,"26":2,"27":1,"28":1,"29":1,"30":1,"31":1,"32":0,"33":0,"34":0,"35":0,"36":1,"37":1,"38":1,"39":0,"40":1,"41":0,"42":1,"43":0,"44":1,"45":1,"46":1,"47":1,"48":1,"49":8,"50":1,"51":0,"52":1},"f":{"0":1,"1":8,"2":8,"3":2,"4":1,"5":0,"6":1},"b":{"0":[1,0],"1":[1,0],"2":[0,8],"3":[1,1],"4":[2,1],"5":[1,1],"6":[1,0],"7":[0,1],"8":[0,1],"9":[0,1],"10":[1,0],"11":[1,0],"12":[8,0],"13":[8,0],"14":[8,0],"15":[8,6,2],"16":[2,1],"17":[8,0],"18":[1,7]},"meta":{"lastBranch":19,"lastFunction":7,"lastStatement":53,"seen":{"s:5:17:5:Infinity":0,"f:7:15:7:28":0,"s:8:14:14:Infinity":1,"s:16:15:16:Infinity":2,"b:18:2:22:Infinity:undefined:undefined:undefined:undefined":0,"s:18:2:22:Infinity":3,"s:19:18:19:Infinity":4,"b:19:28:19:44:19:44:19:65":1,"s:20:4:20:Infinity":5,"s:21:4:21:Infinity":6,"s:23:2:23:Infinity":7,"s:24:2:24:Infinity":8,"s:28:17:162:Infinity":9,"f:28:17:28:23":1,"s:29:8:29:Infinity":10,"s:30:24:30:Infinity":11,"s:31:30:31:Infinity":12,"s:32:30:32:Infinity":13,"s:33:28:33:Infinity":14,"s:34:24:34:Infinity":15,"s:35:36:35:Infinity":16,"s:36:28:36:Infinity":17,"s:39:5:44:Infinity":18,"f:39:15:39:21":2,"s:40:21:40:Infinity":19,"b:41:6:43:Infinity:undefined:undefined:undefined:undefined":2,"s:41:6:43:Infinity":20,"s:42:8:42:Infinity":21,"f:45:17:45:30":3,"s:46:4:46:Infinity":22,"s:48:4:48:Infinity":23,"s:49:4:49:Infinity":24,"s:50:4:50:Infinity":25,"b:52:4:55:Infinity:undefined:undefined:undefined:undefined":3,"s:52:4:55:Infinity":26,"b:52:8:52:25:52:25:52:43":4,"s:53:6:53:Infinity":27,"s:54:6:54:Infinity":28,"s:57:4:83:Infinity":29,"s:58:6:58:Infinity":30,"s:60:6:64:Infinity":31,"b:62:18:62:30:62:30:62:Infinity":5,"s:66:6:66:Infinity":32,"s:67:6:67:Infinity":33,"s:68:6:68:Infinity":34,"s:69:6:69:Infinity":35,"s:71:19:71:Infinity":36,"b:71:19:71:31:71:31:71:Infinity":6,"s:72:19:72:Infinity":37,"b:74:6:74:Infinity:undefined:undefined:undefined:undefined":7,"s:74:6:74:Infinity":38,"s:74:22:74:Infinity":39,"b:75:6:75:Infinity:undefined:undefined:undefined:undefined":8,"s:75:6:75:Infinity":40,"s:75:25:75:Infinity":41,"b:76:6:76:Infinity:undefined:undefined:undefined:undefined":9,"s:76:6:76:Infinity":42,"s:76:25:76:Infinity":43,"b:77:6:77:Infinity:undefined:undefined:undefined:undefined":10,"s:77:6:77:Infinity":44,"s:77:23:77:Infinity":45,"s:79:6:79:Infinity":46,"s:80:6:80:Infinity":47,"b:80:15:80:30:80:30:80:52":11,"s:82:6:82:Infinity":48,"s:86:2:160:Infinity":49,"f:102:28:102:29":4,"s:102:35:102:Infinity":50,"b:105:17:105:Infinity:106:18:106:Infinity":12,"f:117:28:117:29":5,"s:117:35:117:Infinity":51,"b:119:17:119:Infinity:120:18:120:Infinity":13,"f:131:28:131:29":6,"s:131:35:131:Infinity":52,"b:134:17:134:Infinity:135:18:135:Infinity":14,"b:140:14:140:23:140:23:140:Infinity:141:14:143:Infinity":15,"b:142:17:142:40:142:40:142:Infinity":16,"b:146:13:146:Infinity:147:14:149:Infinity":17,"b:154:27:154:46:154:46:154:Infinity":18}}}
}
